Arguments: 
  C:\Program Files\nodejs\node.exe C:\Users\Pablo\AppData\Roaming\npm\node_modules\yarn\bin\yarn.js

PATH: 
  C:\Users\Pablo\bin;C:\Program Files\Git\mingw64\bin;C:\Program Files\Git\usr\local\bin;C:\Program Files\Git\usr\bin;C:\Program Files\Git\usr\bin;C:\Program Files\Git\mingw64\bin;C:\Program Files\Git\usr\bin;C:\Users\Pablo\bin;C:\Python310\Scripts;C:\Python310;C:\Windows\system32;C:\Windows;C:\Windows\System32\Wbem;C:\Windows\System32\WindowsPowerShell\v1.0;C:\Windows\System32\OpenSSH;C:\Program Files\NVIDIA Corporation\NVIDIA NvDLISR;C:\Program Files\Git\cmd;C:\Program Files (x86)\NVIDIA Corporation\PhysX\Common;C:\ProgramData\chocolatey\bin;C:\Program Files\nodejs;C:\Users\Pablo\AppData\Local\Microsoft\WindowsApps;C:\Users\Pablo\AppData\Local\Programs\Microsoft VS Code\bin;C:\Users\Pablo\AppData\Roaming\npm;C:\Program Files\Git\usr\bin\vendor_perl;C:\Program Files\Git\usr\bin\core_perl

Yarn version: 
  1.22.17

Node version: 
  16.14.0

Platform: 
  win32 x64

Trace: 
  SyntaxError: C:\Users\Pablo\Desktop\express-api-template\package.json: Unexpected token } in JSON at position 644
      at JSON.parse (<anonymous>)
      at C:\Users\Pablo\AppData\Roaming\npm\node_modules\yarn\lib\cli.js:1625:59
      at Generator.next (<anonymous>)
      at step (C:\Users\Pablo\AppData\Roaming\npm\node_modules\yarn\lib\cli.js:310:30)
      at C:\Users\Pablo\AppData\Roaming\npm\node_modules\yarn\lib\cli.js:321:13

npm manifest: 
  {
    "name": "node-enviroment",
    "version": "1.0.0",
    "description": "Enviroment created to feed an API",
    "main": "index.js",
    "type": "module",
    "license": "MIT",
    "scripts": {
      "test": "jest",
      "migrate": "npx prisma migrate dev --name init",
      "seed": "nodemon prisma/seeds.js",
      "start": "nodemon ./src/server.js"
    },
    "devDependencies": {
      "eslint": "^7.12.1",
      "jest": "^27.4.7",
      "prisma": "3.10.0",
      "yarn": "^1.22.17"
    },
    "dependencies": {
      "@prisma/client": "^3.10.0",
      "cors": "^2.8.5",
      "dotenv": "^16.0.0",
      "express": "^4.17.2",
      "mongoose": "^6.1.10",
      "nodemon": "^2.0.15",
    }
  }

yarn manifest: 
  No manifest

Lockfile: 
  No lockfile
